<?xml version="1.0" encoding="UTF-8"?>
<!-- Generated by org.testng.reporters.JUnitXMLReporter -->
<testsuite ignored="4" hostname="AKHIL" failures="0" tests="0" time="4.861" errors="0" timestamp="2023-05-09T16:05:24 IST">
  <testcase classname="TestScripts.GooglePageTest" name="JavaSearchTest" time="0.0">
    <ignored/>
  </testcase> <!-- JavaSearchTest -->
  <testcase classname="TestScripts.GooglePageTest" name="cucumberSerchTest" time="0.0">
    <ignored/>
  </testcase> <!-- cucumberSerchTest -->
  <testcase classname="TestScripts.GooglePageTest" name="seleniumSerchTest" time="0.0">
    <ignored/>
  </testcase> <!-- seleniumSerchTest -->
  <testcase classname="TestScripts.GooglePageTest" name="appiumSerchTest" time="0.0">
    <ignored/>
  </testcase> <!-- appiumSerchTest -->
</testsuite>
