<?xml version="1.0" encoding="UTF-8"?>
<!-- Generated by org.testng.reporters.JUnitXMLReporter -->
<testsuite ignored="0" hostname="AKHIL" failures="0" tests="4" name="ModuleTwoTest" time="0.151" errors="0" timestamp="2023-05-10T15:10:42 IST">
  <testcase classname="ParallelScripts.SampleThreeTest" name="TestFour" time="0.081"/>
  <testcase classname="ParallelScripts.SampleThreeTest" name="TestOne" time="0.006"/>
  <testcase classname="ParallelScripts.SampleThreeTest" name="TestThree" time="0.002"/>
  <testcase classname="ParallelScripts.SampleThreeTest" name="TestTwo" time="0.001"/>
</testsuite> <!-- ModuleTwoTest -->
