<?xml version="1.0" encoding="UTF-8"?>
<!-- Generated by org.testng.reporters.JUnitXMLReporter -->
<testsuite ignored="0" hostname="AKHIL" failures="0" tests="3" name="ModuleOneTest" time="13.114" errors="0" timestamp="2023-05-10T17:33:13 IST">
  <testcase classname="TestScripts.LoginTest" name="vaildLogin" time="2.571"/>
  <testcase classname="TestScripts.LoginTest" name="vaildLogin" time="2.612"/>
  <testcase classname="TestScripts.LoginTest" name="vaildLogin" time="2.572"/>
</testsuite> <!-- ModuleOneTest -->
