<?xml version="1.0" encoding="UTF-8"?>
<testng-results ignored="0" total="1" passed="1" failed="0" skipped="0">
  <reporter-output>
  </reporter-output>
  <suite started-at="2023-05-11T18:01:48 IST" name="Default suite" finished-at="2023-05-11T18:02:02 IST" duration-ms="14516">
    <groups>
    </groups>
    <test started-at="2023-05-11T18:01:48 IST" name="Default test" finished-at="2023-05-11T18:02:02 IST" duration-ms="14516">
      <class name="TestScripts.RemoteDriverTest">
        <test-method signature="test()[pri:0, instance:TestScripts.RemoteDriverTest@485966cc]" started-at="2023-05-11T18:01:48 IST" name="test" finished-at="2023-05-11T18:02:02 IST" duration-ms="14462" status="PASS">
          <reporter-output>
          </reporter-output>
        </test-method> <!-- test -->
      </class> <!-- TestScripts.RemoteDriverTest -->
    </test> <!-- Default test -->
  </suite> <!-- Default suite -->
</testng-results>
